This file contains any messages produced by compilers while
running configure, to aid debugging if configure makes a mistake.

It was created by configure, which was
generated by GNU Autoconf 2.61.  Invocation command line was

  $ ./configure 

## --------- ##
## Platform. ##
## --------- ##

hostname = freebsd14
uname -m = i386
uname -r = 14.3-RELEASE
uname -s = FreeBSD
uname -v = FreeBSD 14.3-RELEASE releng/14.3-n271432-8c9ce319fef7 GENERIC

/usr/bin/uname -p = i386
/bin/uname -X     = unknown

/bin/arch              = unknown
/usr/bin/arch -k       = unknown
/usr/convex/getsysinfo = unknown
/usr/bin/hostinfo      = unknown
/bin/machine           = unknown
/usr/bin/oslevel       = unknown
/bin/universe          = unknown

PATH: /sbin
PATH: /bin
PATH: /usr/sbin
PATH: /usr/bin
PATH: /usr/local/sbin
PATH: /usr/local/bin
PATH: /home/peterlondon/bin


## ----------- ##
## Core tests. ##
## ----------- ##

configure:1761: checking for gcc
configure:1777: found /usr/local/bin/gcc
configure:1788: result: gcc
configure:2026: checking for C compiler version
configure:2033: gcc --version >&5
gcc (FreeBSD Ports Collection) 13.3.0
Copyright (C) 2023 Free Software Foundation, Inc.
This is free software; see the source for copying conditions.  There is NO
warranty; not even for MERCHANTABILITY or FITNESS FOR A PARTICULAR PURPOSE.

configure:2036: $? = 0
configure:2043: gcc -v >&5
Using built-in specs.
COLLECT_GCC=gcc
COLLECT_LTO_WRAPPER=/usr/local/libexec/gcc13/gcc/i386-portbld-freebsd14.2/13.3.0/lto-wrapper
Target: i386-portbld-freebsd14.2
Configured with: /wrkdirs/usr/ports/lang/gcc13/work/gcc-13.3.0/configure --disable-multilib --without-isl --with-build-config=bootstrap-debug --disable-nls --disable-libssp --enable-gnu-indirect-function --enable-host-shared --enable-plugin --libdir=/usr/local/lib/gcc13 --libexecdir=/usr/local/libexec/gcc13 --program-suffix=13 --with-as=/usr/local/bin/as --with-gmp=/usr/local --with-gxx-include-dir=/usr/local/lib/gcc13/include/c++/ --with-gxx-libcxx-include-dir=/usr/include/c++/v1 --with-ld=/usr/local/bin/ld --with-pkgversion='FreeBSD Ports Collection' --with-system-zlib --without-zstd --enable-languages=c,c++,objc,fortran,jit --prefix=/usr/local --localstatedir=/var --mandir=/usr/local/share/man --infodir=/usr/local/share/info/gcc13 --build=i386-portbld-freebsd14.2
Thread model: posix
Supported LTO compression algorithms: zlib
gcc version 13.3.0 (FreeBSD Ports Collection) 
configure:2046: $? = 0
configure:2053: gcc -V >&5
gcc: error: unrecognized command-line option '-V'
gcc: fatal error: no input files
compilation terminated.
configure:2056: $? = 1
configure:2079: checking for C compiler default output file name
configure:2106: gcc    conftest.c  >&5
configure:2109: $? = 0
configure:2147: result: a.out
configure:2164: checking whether the C compiler works
configure:2174: ./a.out
configure:2177: $? = 0
configure:2194: result: yes
configure:2201: checking whether we are cross compiling
configure:2203: result: no
configure:2206: checking for suffix of executables
configure:2213: gcc -o conftest    conftest.c  >&5
configure:2216: $? = 0
configure:2240: result: 
configure:2246: checking for suffix of object files
configure:2272: gcc -c   conftest.c >&5
configure:2275: $? = 0
configure:2298: result: o
configure:2302: checking whether we are using the GNU C compiler
configure:2331: gcc -c   conftest.c >&5
configure:2337: $? = 0
configure:2354: result: yes
configure:2359: checking whether gcc accepts -g
configure:2389: gcc -c -g --disable-shared --enable-static  conftest.c >&5
cc1: error: unknown pass shared specified in '-fdisable'
cc1: error: unknown pass static specified in '-fenable'
configure:2395: $? = 1
configure: failed program was:
| /* confdefs.h.  */
| #define PACKAGE_NAME ""
| #define PACKAGE_TARNAME ""
| #define PACKAGE_VERSION ""
| #define PACKAGE_STRING ""
| #define PACKAGE_BUGREPORT ""
| #define VERSION "0.9.6"
| #define COPYRIGHT "Copyright (C) 2003-2009 Michiel Broek, All Rights Reserved"
| /* end confdefs.h.  */
| 
| int
| main ()
| {
| 
|   ;
|   return 0;
| }
configure:2427: gcc -c   conftest.c >&5
configure:2433: $? = 0
configure:2494: result: no
configure:2511: checking for gcc option to accept ISO C89
configure:2585: gcc  -c -O2  conftest.c >&5
configure:2591: $? = 0
configure:2614: result: none needed
configure:2675: checking for ranlib
configure:2691: found /usr/bin/ranlib
configure:2702: result: ranlib
configure:2728: checking whether ln -s works
configure:2732: result: yes
configure:2741: checking for tar
configure:2757: found /usr/bin/tar
configure:2768: result: tar
configure:2800: checking how to run the C preprocessor
configure:2840: gcc -E  conftest.c
configure:2846: $? = 0
configure:2877: gcc -E  conftest.c
conftest.c:10:10: fatal error: ac_nonexistent.h: No such file or directory
   10 | #include <ac_nonexistent.h>
      |          ^~~~~~~~~~~~~~~~~~
compilation terminated.
configure:2883: $? = 1
configure: failed program was:
| /* confdefs.h.  */
| #define PACKAGE_NAME ""
| #define PACKAGE_TARNAME ""
| #define PACKAGE_VERSION ""
| #define PACKAGE_STRING ""
| #define PACKAGE_BUGREPORT ""
| #define VERSION "0.9.6"
| #define COPYRIGHT "Copyright (C) 2003-2009 Michiel Broek, All Rights Reserved"
| /* end confdefs.h.  */
| #include <ac_nonexistent.h>
configure:2916: result: gcc -E
configure:2945: gcc -E  conftest.c
configure:2951: $? = 0
configure:2982: gcc -E  conftest.c
conftest.c:10:10: fatal error: ac_nonexistent.h: No such file or directory
   10 | #include <ac_nonexistent.h>
      |          ^~~~~~~~~~~~~~~~~~
compilation terminated.
configure:2988: $? = 1
configure: failed program was:
| /* confdefs.h.  */
| #define PACKAGE_NAME ""
| #define PACKAGE_TARNAME ""
| #define PACKAGE_VERSION ""
| #define PACKAGE_STRING ""
| #define PACKAGE_BUGREPORT ""
| #define VERSION "0.9.6"
| #define COPYRIGHT "Copyright (C) 2003-2009 Michiel Broek, All Rights Reserved"
| /* end confdefs.h.  */
| #include <ac_nonexistent.h>
configure:3026: checking for grep that handles long lines and -e
configure:3100: result: /usr/bin/grep
configure:3105: checking for egrep
configure:3183: result: /usr/bin/grep -E
configure:3188: checking for ANSI C header files
configure:3218: gcc -c -O2 -Wall -Wshadow -Wwrite-strings -Wstrict-prototypes  conftest.c >&5
conftest.c:16:1: warning: function declaration isn't a prototype [-Wstrict-prototypes]
   16 | main ()
      | ^~~~
configure:3224: $? = 0
configure:3323: gcc -o conftest -O2 -Wall -Wshadow -Wwrite-strings -Wstrict-prototypes   conftest.c  >&5
conftest.c:22:1: warning: function declaration isn't a prototype [-Wstrict-prototypes]
   22 | main ()
      | ^~~~
configure:3326: $? = 0
configure:3332: ./conftest
configure:3335: $? = 0
configure:3352: result: yes
configure:3364: checking for an ANSI C-conforming const
configure:3439: gcc -c -O2 -Wall -Wshadow -Wwrite-strings -Wstrict-prototypes  conftest.c >&5
conftest.c:13:1: warning: function declaration isn't a prototype [-Wstrict-prototypes]
   13 | main ()
      | ^~~~
conftest.c: In function 'main':
conftest.c:40:7: warning: 't' is used uninitialized [-Wuninitialized]
   40 |     *t++ = 0;
      |      ~^~
conftest.c:37:11: note: 't' was declared here
   37 |     char *t;
      |           ^
conftest.c:56:23: warning: 'b' is used uninitialized [-Wuninitialized]
   56 |     struct s *b; b->j = 5;
      |                  ~~~~~^~~
conftest.c:56:15: note: 'b' was declared here
   56 |     struct s *b; b->j = 5;
      |               ^
conftest.c:62:13: warning: 'cs' is used uninitialized [-Wuninitialized]
   62 |   return !cs[0] && !zero.x;
      |           ~~^~~
conftest.c:19:17: note: 'cs' declared here
   19 |   const charset cs;
      |                 ^~
configure:3445: $? = 0
configure:3460: result: yes
configure:3484: checking for sys/types.h
configure:3505: gcc -c -O2 -Wall -Wshadow -Wwrite-strings -Wstrict-prototypes  conftest.c >&5
configure:3511: $? = 0
configure:3527: result: yes
configure:3484: checking for sys/stat.h
configure:3505: gcc -c -O2 -Wall -Wshadow -Wwrite-strings -Wstrict-prototypes  conftest.c >&5
configure:3511: $? = 0
configure:3527: result: yes
configure:3484: checking for stdlib.h
configure:3505: gcc -c -O2 -Wall -Wshadow -Wwrite-strings -Wstrict-prototypes  conftest.c >&5
configure:3511: $? = 0
configure:3527: result: yes
configure:3484: checking for string.h
configure:3505: gcc -c -O2 -Wall -Wshadow -Wwrite-strings -Wstrict-prototypes  conftest.c >&5
configure:3511: $? = 0
configure:3527: result: yes
configure:3484: checking for memory.h
configure:3505: gcc -c -O2 -Wall -Wshadow -Wwrite-strings -Wstrict-prototypes  conftest.c >&5
configure:3511: $? = 0
configure:3527: result: yes
configure:3484: checking for strings.h
configure:3505: gcc -c -O2 -Wall -Wshadow -Wwrite-strings -Wstrict-prototypes  conftest.c >&5
configure:3511: $? = 0
configure:3527: result: yes
configure:3484: checking for inttypes.h
configure:3505: gcc -c -O2 -Wall -Wshadow -Wwrite-strings -Wstrict-prototypes  conftest.c >&5
configure:3511: $? = 0
configure:3527: result: yes
configure:3484: checking for stdint.h
configure:3505: gcc -c -O2 -Wall -Wshadow -Wwrite-strings -Wstrict-prototypes  conftest.c >&5
configure:3511: $? = 0
configure:3527: result: yes
configure:3484: checking for unistd.h
configure:3505: gcc -c -O2 -Wall -Wshadow -Wwrite-strings -Wstrict-prototypes  conftest.c >&5
configure:3511: $? = 0
configure:3527: result: yes
configure:3539: checking for mode_t
configure:3569: gcc -c -O2 -Wall -Wshadow -Wwrite-strings -Wstrict-prototypes  conftest.c >&5
conftest.c:55:1: warning: function declaration isn't a prototype [-Wstrict-prototypes]
   55 | main ()
      | ^~~~
configure:3575: $? = 0
configure:3590: result: yes
configure:3602: checking for size_t
configure:3632: gcc -c -O2 -Wall -Wshadow -Wwrite-strings -Wstrict-prototypes  conftest.c >&5
conftest.c:55:1: warning: function declaration isn't a prototype [-Wstrict-prototypes]
   55 | main ()
      | ^~~~
configure:3638: $? = 0
configure:3653: result: yes
configure:3667: checking for working memcmp
configure:3720: gcc -o conftest -O2 -Wall -Wshadow -Wwrite-strings -Wstrict-prototypes   conftest.c  >&5
conftest.c:54:1: warning: function declaration isn't a prototype [-Wstrict-prototypes]
   54 | main ()
      | ^~~~
configure:3723: $? = 0
configure:3729: ./conftest
configure:3732: $? = 0
configure:3748: result: yes
configure:3759: checking location of pkgconfig directory
configure:3768: result: /usr/libdata/pkgconfig
configure:3877: creating ./config.status

## ---------------------- ##
## Running config.status. ##
## ---------------------- ##

This file was extended by config.status, which was
generated by GNU Autoconf 2.61.  Invocation command line was

  CONFIG_FILES    = 
  CONFIG_HEADERS  = 
  CONFIG_LINKS    = 
  CONFIG_COMMANDS = 
  $ ./config.status 

on freebsd14

config.status:614: creating Makefile.global
config.status:614: creating INSTALL
config.status:614: creating FILE_ID.DIZ
config.status:614: creating door.pc
config.status:614: creating config.h
config.status:842: executing default-1 commands
configure:4900: result:
-=-=-=-=-=-=-=-=-=-= Configuration Complete =-=-=-=-=-=-=-=-=-=-

  Configuration summary :

    Version : ..................... 0.9.6

configure:4920: result:
  Installation directories :

    Library directory : ........... ${exec_prefix}/lib
    Include directory : ........... /usr/local/include
    Pkgconfig directory : ......... /usr/libdata/pkgconfig


## ---------------- ##
## Cache variables. ##
## ---------------- ##

ac_cv_c_compiler_gnu=yes
ac_cv_c_const=yes
ac_cv_env_CC_set=''
ac_cv_env_CC_value=''
ac_cv_env_CFLAGS_set=''
ac_cv_env_CFLAGS_value=''
ac_cv_env_CPPFLAGS_set=''
ac_cv_env_CPPFLAGS_value=''
ac_cv_env_CPP_set=''
ac_cv_env_CPP_value=''
ac_cv_env_LDFLAGS_set=''
ac_cv_env_LDFLAGS_value=''
ac_cv_env_LIBS_set=''
ac_cv_env_LIBS_value=''
ac_cv_env_build_alias_set=''
ac_cv_env_build_alias_value=''
ac_cv_env_host_alias_set=''
ac_cv_env_host_alias_value=''
ac_cv_env_target_alias_set=''
ac_cv_env_target_alias_value=''
ac_cv_func_memcmp_working=yes
ac_cv_header_inttypes_h=yes
ac_cv_header_memory_h=yes
ac_cv_header_stdc=yes
ac_cv_header_stdint_h=yes
ac_cv_header_stdlib_h=yes
ac_cv_header_string_h=yes
ac_cv_header_strings_h=yes
ac_cv_header_sys_stat_h=yes
ac_cv_header_sys_types_h=yes
ac_cv_header_unistd_h=yes
ac_cv_objext=o
ac_cv_path_EGREP='/usr/bin/grep -E'
ac_cv_path_GREP=/usr/bin/grep
ac_cv_prog_CPP='gcc -E'
ac_cv_prog_TAR=tar
ac_cv_prog_ac_ct_CC=gcc
ac_cv_prog_ac_ct_RANLIB=ranlib
ac_cv_prog_cc_c89=''
ac_cv_prog_cc_g=no
ac_cv_type_mode_t=yes
ac_cv_type_size_t=yes

## ----------------- ##
## Output variables. ##
## ----------------- ##

CC='gcc'
CFLAGS='-O2 -Wall -Wshadow -Wwrite-strings -Wstrict-prototypes'
COPYRIGHT='Copyright (C) 2003-2009 Michiel Broek, All Rights Reserved'
CPP='gcc -E'
CPPFLAGS=''
DEFS='-DHAVE_CONFIG_H'
ECHO_C=''
ECHO_N='-n'
ECHO_T=''
EGREP='/usr/bin/grep -E'
EXEEXT=''
GREP='/usr/bin/grep'
LDFLAGS=''
LIBOBJS=''
LIBS=''
LIBVERS=''
LN_S='ln -s'
LTLIBOBJS=''
OBJEXT='o'
PACKAGE='doorlib'
PACKAGE_BUGREPORT=''
PACKAGE_NAME=''
PACKAGE_STRING=''
PACKAGE_TARNAME=''
PACKAGE_VERSION=''
PATH_SEPARATOR=':'
RANLIB='ranlib'
SHELL='/bin/sh'
SUBDIRS='src'
TAR='tar'
VERSION='0.9.6'
ac_ct_CC='gcc'
bindir='${exec_prefix}/bin'
build_alias=''
datadir='${datarootdir}'
datarootdir='${prefix}/share'
docdir='${datarootdir}/doc/${PACKAGE}'
dvidir='${docdir}'
exec_prefix='${prefix}'
host_alias=''
htmldir='${docdir}'
includedir='${prefix}/include'
infodir='${datarootdir}/info'
libdir='${exec_prefix}/lib'
libexecdir='${exec_prefix}/libexec'
localedir='${datarootdir}/locale'
localstatedir='${prefix}/var'
mandir='${datarootdir}/man'
oldincludedir='/usr/include'
pdfdir='${docdir}'
pkgdir='/usr/libdata/pkgconfig'
prefix='/usr/local'
program_transform_name='s,x,x,'
psdir='${docdir}'
sbindir='${exec_prefix}/sbin'
sharedstatedir='${prefix}/com'
sysconfdir='${prefix}/etc'
target_alias=''

## ----------- ##
## confdefs.h. ##
## ----------- ##

#define PACKAGE_NAME ""
#define PACKAGE_TARNAME ""
#define PACKAGE_VERSION ""
#define PACKAGE_STRING ""
#define PACKAGE_BUGREPORT ""
#define VERSION "0.9.6"
#define COPYRIGHT "Copyright (C) 2003-2009 Michiel Broek, All Rights Reserved"
#define STDC_HEADERS 1
#define HAVE_SYS_TYPES_H 1
#define HAVE_SYS_STAT_H 1
#define HAVE_STDLIB_H 1
#define HAVE_STRING_H 1
#define HAVE_MEMORY_H 1
#define HAVE_STRINGS_H 1
#define HAVE_INTTYPES_H 1
#define HAVE_STDINT_H 1
#define HAVE_UNISTD_H 1

configure: exit 0
